EPD:
164 ACMaLYDHoLEmEDyP.doc rw 739 bytes
95 AnbJOXRdXL.txt rw 689 bytes
190 AplVlkBRJoUFtLPLIFn.c rw 13721 bytes
158 CJCLGrLhqUkedeNs.c ro 738441 bytes
183 COoUPgDnHuDzNNuPQo.doc rw 8619 bytes
152 CP.txt rw 898 bytes
207 Cd.jpg ro 61683 bytes
130 CfPGvLziE.jpg ro 454544 bytes
157 CghpjmKSlrdh.jpg ro 4728 bytes
248 CmVUMq.jpg rw 854769 bytes
216 DyFWKhx.jpg rw 6281 bytes
233 EguIJHVULyvZf.txt rw 785 bytes
149 EnJfnjXDPzMOhbqxRsf.txt rw 12312 bytes
96 EqCzCOx.jpg ro 7889 bytes
60 FgpbvnDRX.doc ro 458623 bytes
242 G.jpg rw 972831 bytes
225 GOvyNDT.c ro 755869 bytes
63 GRARcGhCfK.txt ro 6183 bytes
111 GcqueJMYwq.jpg ro 218347 bytes
100 GdLU.c rw 435 bytes
134 GkeIjqHfDV.jpg ro 51166 bytes
22 GzmJPvQo.doc ro 254 bytes
161 HABXXkHD.jpg ro 21189 bytes
178 HGYHzwrivfWXDB.txt ro 1824 bytes
191 HMDhYUg.txt rw 493 bytes
31 HMcIoeFvvmgFEtGHEP.txt rw 96243 bytes
35 IAdTwOmecVcIZ.jpg ro 111786 bytes
65 IXLmKMzUY.jpg rw 381677 bytes
83 IYFbjEDJHauuVfeFvK.txt ro 765656 bytes
180 JDjmDzGNnsW.jpg rw 617 bytes
185 JIbKgO.txt rw 6658 bytes
117 JJffWBuBAmuBpUiGxf.c rw 47112 bytes
103 JpnnkA.c ro 65223 bytes
192 JyDkPwcXUFr.doc rw 174547 bytes
61 KYY.jpg rw 25926 bytes
50 KivYeuyYgtTnpTX.doc rw 369 bytes
62 KmDhrqcnZXKZpAEQ.jpg rw 1385 bytes
144 KrStlSqKSiOhIZdQg.doc rw 335247 bytes
211 Ky.doc rw 5371 bytes
193 LOwazlWR.doc rw 236767 bytes
174 LQ.jpg ro 6782 bytes
126 MBWvxD.txt ro 476968 bytes
244 MHtM.doc ro 699594 bytes
181 MUmgzeUhtTwLhA.txt rw 78655 bytes
76 MacNLqY.c ro 41984 bytes
10 MkUGYXngfbZOSGf.c rw 131 bytes
86 Mmpe.txt ro 259252 bytes
119 NIvEMDZUyEiMqN.c rw 85524 bytes
196 NRqLJbnSTfFjBxwH.c ro 658 bytes
136 NVIsvfmVGqaLUlLGPfG.txt ro 8758 bytes
186 NpDlhZgExIa.txt ro 4532 bytes
159 NqmTlNwd.jpg ro 77636 bytes
120 NrcwUXnVkDv.jpg rw 171 bytes
43 O.c ro 767794 bytes
116 ODCxdNSUdxpvu.c rw 51745 bytes
182 OMXfEkzis.jpg ro 291455 bytes
78 OaiKGBMtyaNAC.c rw 2648 bytes
55 OqcrbqerDVxsNY.jpg ro 7694 bytes
66 OuwDVBnnMtSjUs.jpg ro 28744 bytes
97 P.doc rw 73791 bytes
222 PAwMRdeiUwfAhj.txt rw 122 bytes
79 PSwsXSKia.jpg rw 333766 bytes
15 PifFAhNB.jpg rw 593 bytes
162 Pmx.txt rw 5945 bytes
112 PopNwTvPmSU.doc rw 311133 bytes
220 PqLXmX.c ro 3129 bytes
70 PtJBLvXdWsBjzbqXMO.jpg rw 779 bytes
27 QAlNsYeHbJs.doc rw 297448 bytes
235 QHndGJmERkCSxH.doc ro 779796 bytes
209 QpxFSWjWrh.jpg rw 753 bytes
205 RzOJULXRbijWoHoemYQC.txt rw 173381 bytes
75 SrxUTzShOSTqYaboyJYa.c ro 23785 bytes
223 TOFHVT.doc ro 286 bytes
249 TSvQWBA.txt rw 94867 bytes
5 TkZWYIFYZhBTO.c rw 84782 bytes
105 UNnGarZhMqeuFyX.jpg rw 156 bytes
114 UPIzjEQ.jpg rw 6777 bytes
106 UnSOeeCvvQadMKbkKM.txt rw 235 bytes
197 UqI.c rw 269235 bytes
38 UxOuLZElPisNNCrl.c rw 68325 bytes
224 VXBxYDPeuQiFNRlO.txt ro 329659 bytes
230 Vy.doc ro 5495 bytes
195 WSYAKqQGdlyD.jpg rw 6259 bytes
107 WTevwNNTO.doc rw 9176 bytes
71 WYMbiFGpegWLFfXjCS.txt rw 428997 bytes
7 WnIyugjwfGZzHIZS.jpg rw 653 bytes
176 XZkjoKyGYsznDTYeGaRB.c ro 12952 bytes
51 YEuwtRkKBCwcroVDQRX.doc rw 89544 bytes
8 YNfeiwz.c ro 2196 bytes
137 YSaOBToh.doc rw 221931 bytes
184 YcuvVFsiYkUxtfmift.c rw 5335 bytes
45 YfKfoc.doc rw 583 bytes
19 Yhw.c rw 56168 bytes
16 YiuRKzqrokxA.c rw 988 bytes
90 YqWwzPluVL.doc rw 754396 bytes
0 YuRMCVhPzaNscFXd.txt rw 18411 bytes
243 Z.jpg rw 57359 bytes
250 ZOOdLUBjcNjFLHc.txt rw 2143 bytes
68 ZPFpimEaUJ.doc ro 114 bytes
110 ZbTPJox.txt rw 555834 bytes
11 ZxXpaoRQGT.doc ro 7799 bytes
18 aDqYhfQcwtorzgooYG.txt rw 4722 bytes
89 ahcewRjkWejIWRDrY.c ro 272 bytes
168 alx.txt rw 214 bytes
104 aomaQWVFMBxjqduyDh.jpg rw 258 bytes
140 bFMGgjtDvxDsUEz.doc rw 8587 bytes
101 bNlOvhJfInGnKzUejF.txt rw 124 bytes
132 bOG.doc rw 166 bytes
56 bXqhQxyesfgOKVQhzoea.doc rw 5644 bytes
135 bYmwrbgopFwfjYaFYi.txt rw 899864 bytes
148 bjrXwW.c rw 277511 bytes
141 bnwXTBfgkOxd.jpg rw 74486 bytes
199 btoBxSqlEECYpp.txt ro 8215 bytes
129 cKynV.txt rw 76629 bytes
175 cixZfpk.c rw 439 bytes
125 cqOtcppBfq.doc ro 59868 bytes
14 cuDJPnzkOiiIzhziZ.jpg rw 417 bytes
33 dF.jpg rw 3766 bytes
206 dXBYuuloTBCCZnC.jpg ro 311673 bytes
251 dhD.jpg rw 463164 bytes
26 dnMDhiIcjL.jpg rw 3584 bytes
145 eOnTNFIuByFJu.txt ro 698326 bytes
172 emhqThFURqeKkJbnhftv.doc ro 125 bytes
58 ezAPHy.c ro 325868 bytes
208 febOnfkXjZPxLOPW.txt rw 8973 bytes
39 fhLdj.jpg ro 863292 bytes
200 fkOmKqFOmFLq.c ro 95969 bytes
67 fyXceYOaoE.doc ro 317 bytes
64 gSPERwefIroIcxxU.jpg ro 32156 bytes
44 gVjkDSMCOobtTWCreUWG.jpg rw 12663 bytes
81 gWhwnokXBpNUxOeQ.c rw 171475 bytes
133 gZnn.c ro 3463 bytes
73 giVvUHBpfuGFWjC.c rw 59261 bytes
194 gvirRZBtpqK.doc rw 538 bytes
23 h.jpg rw 263 bytes
80 h.jpg rw 339385 bytes
1 hUeLNyFCYe.txt rw 262737 bytes
189 i.txt rw 813311 bytes
240 iAxYZAuPMwKejELxIjcq.doc ro 972485 bytes
204 iGWXpVcM.c rw 111 bytes
52 iUgOCAmFYEHya.txt rw 8364 bytes
93 iVXGda.doc rw 475 bytes
34 iaExMfLqSl.jpg ro 15399 bytes
3 ieDDOyRpgcp.jpg ro 734272 bytes
252 igEzqYHZqQK.jpg ro 8995 bytes
187 inyCLd.doc rw 894 bytes
163 j.txt ro 819 bytes
20 jNcO.jpg ro 415819 bytes
41 jWNLfvJgQYvkURPwHWKn.doc ro 2827 bytes
88 jdLUxEPannOINDfJk.jpg rw 1532 bytes
177 jpdzcB.txt rw 31415 bytes
198 jrj.c ro 753387 bytes
109 jwnkeCFHkUtryYYovbo.doc rw 2934 bytes
245 k.c ro 669366 bytes
24 kDqoacAsREGiskHCUo.c rw 4272 bytes
30 kFRaBVtvGtzLDphqY.c rw 777217 bytes
46 kORZfjOqRDlGbCYwi.c rw 932418 bytes
82 kavtTSYJPjPDg.doc ro 9554 bytes
36 kbnejaVhrNrNLOJU.c rw 6545 bytes
59 l.jpg rw 85423 bytes
99 lZr.c ro 578 bytes
102 lpPooedyv.doc ro 783877 bytes
4 lwVtFSRkeGaozw.c ro 45929 bytes
32 lxUGfcAKY.txt ro 7777 bytes
124 lxgUVtaAAiuiZ.doc rw 325916 bytes
166 mTUuXibqPYQZIybCXUz.txt ro 529 bytes
17 mYxO.jpg ro 398 bytes
201 mZyBqMVjjfkqighxsIik.jpg ro 78939 bytes
92 mhZVouqFi.jpg ro 296 bytes
221 mjDjLlOzrbSX.txt rw 19425 bytes
72 myjaAiJxf.jpg ro 337 bytes
147 mznlDxkVTIgoWJRH.doc rw 917 bytes
142 nDvsTTK.doc ro 155613 bytes
25 nMrMwodIz.doc rw 934 bytes
74 nOCAZLgTvo.doc ro 71947 bytes
156 nTukUVZKsYnkxm.jpg ro 31177 bytes
146 naragayM.doc ro 9488 bytes
87 nbDhnDxFsQRcQKrO.txt rw 2466 bytes
150 nkFfmlCgwOmffUrpnWW.jpg rw 533918 bytes
29 nkT.doc ro 974255 bytes
113 nkXXbpvFVScDwtNbHHL.txt rw 6381 bytes
53 o.c rw 7124 bytes
188 oJefdorwrwm.c ro 34766 bytes
215 otfuabldmZneON.jpg ro 619 bytes
2 p.c rw 388 bytes
12 pAEBk.doc rw 114 bytes
138 pDHLYiBEqFRb.doc ro 4274 bytes
253 pIDEItRYyjEsuPe.doc rw 575695 bytes
214 pIi.c ro 7174 bytes
237 pMxvmawoLKNPbY.doc rw 1858 bytes
123 pOZB.c rw 89294 bytes
241 pUE.c ro 1927 bytes
54 ppsUVCiBgsJ.doc rw 1541 bytes
28 pzWb.c ro 24928 bytes
85 qAhXLsGRJiKDDdGARr.doc ro 179562 bytes
239 qBfRWDiAmJhMYI.jpg rw 511 bytes
202 qHItUasV.jpg ro 213 bytes
57 rEIGjaDZIxI.doc ro 799828 bytes
232 rEVnHVNzDHHWNuvT.jpg rw 46172 bytes
131 rQ.doc ro 594716 bytes
151 rQIxFMdE.txt ro 791114 bytes
179 rTOOqnA.jpg ro 14183 bytes
6 rTohGPLhvyyaJrJU.c ro 68432 bytes
9 rXATHeTLf.doc ro 14981 bytes
231 rZmhOZkSrvNhkfahm.c ro 971 bytes
203 rahDwvyKnoQzmtw.jpg rw 886671 bytes
228 rfMEbLsQ.doc rw 5942 bytes
94 rtlpJwn.txt ro 697382 bytes
238 ry.doc rw 146451 bytes
115 sCCrsLGaZ.c ro 146637 bytes
49 sEHawtLiY.jpg rw 235292 bytes
42 slbvwDzzvUJHMHCzVNv.txt rw 674559 bytes
139 sraux.jpg rw 6691 bytes
227 svoiqqleDeqK.c rw 26928 bytes
153 swO.jpg rw 454437 bytes
171 syazemUKhQ.jpg rw 4483 bytes
108 tMjpcsWSxYYJB.doc rw 494 bytes
48 tNSdFxLhqVyhHgczYNC.jpg rw 76731 bytes
155 tTkSdzTpF.c ro 2435 bytes
37 tWreEKfN.c ro 457941 bytes
229 tdvkzsuemrvflUDLpq.txt rw 783293 bytes
13 tegHwBDtpbqHRBNv.txt ro 164396 bytes
40 u.c rw 182792 bytes
98 u.jpg ro 691 bytes
91 uSynrJORSjjgva.c ro 622 bytes
160 ueebbehJfXJbxaO.doc rw 5171 bytes
218 uuaYzkrJMTPEDoYTcjzB.doc ro 678 bytes
247 uvdkWxslWeOAF.jpg rw 81831 bytes
170 uxf.jpg ro 796 bytes
167 uzKgLBuzyMM.txt ro 5989 bytes
154 vApojmzTwEebQPeATMe.doc ro 8625 bytes
217 vGCnQrFmlISmVBvzLAHw.doc ro 229155 bytes
213 vHQgGoFaXUoTlHiYHj.c rw 5215 bytes
118 vWpOt.txt rw 28814 bytes
143 vcQAduNmaLhteHHqXX.txt ro 511938 bytes
21 vdSoMhkgJ.txt ro 693 bytes
127 vgvJpg.c rw 59342 bytes
173 vuBufpKqTSszeT.c rw 66244 bytes
84 vulQlAvyxsgknoSgfXTt.jpg ro 575 bytes
77 wjqLTliRslENxLyxDKsW.c ro 858 bytes
212 wqFhykIzhetVsDQXDYR.c rw 58996 bytes
226 wxwwfpd.doc ro 59664 bytes
121 x.txt ro 956 bytes
69 xGZkb.doc rw 943 bytes
246 xfvkcFCIAvzlAS.jpg ro 248358 bytes
128 xl.doc rw 584 bytes
234 yBzEjc.txt rw 922792 bytes
236 yegCqQCvTKtx.txt rw 91622 bytes
165 ypKQoQ.doc rw 493742 bytes
219 zR.jpg ro 585952 bytes
122 zbMGJtgELDzkrDVHfMSm.doc ro 286676 bytes
47 zepAcX.jpg rw 9811 bytes
169 zqoZTg.txt ro 338 bytes
210 zuctCo.txt rw 52533 bytes
PED:
0 YuRMCVhPzaNscFXd.txt rw 18411 bytes
5 TkZWYIFYZhBTO.c rw 84782 bytes
10 MkUGYXngfbZOSGf.c rw 131 bytes
22 GzmJPvQo.doc ro 254 bytes
60 FgpbvnDRX.doc ro 458623 bytes
95 AnbJOXRdXL.txt rw 689 bytes
164 ACMaLYDHoLEmEDyP.doc rw 739 bytes
96 EqCzCOx.jpg ro 7889 bytes
130 CfPGvLziE.jpg ro 454544 bytes
152 CP.txt rw 898 bytes
158 CJCLGrLhqUkedeNs.c ro 738441 bytes
190 AplVlkBRJoUFtLPLIFn.c rw 13721 bytes
183 COoUPgDnHuDzNNuPQo.doc rw 8619 bytes
207 Cd.jpg ro 61683 bytes
149 EnJfnjXDPzMOhbqxRsf.txt rw 12312 bytes
157 CghpjmKSlrdh.jpg ro 4728 bytes
216 DyFWKhx.jpg rw 6281 bytes
248 CmVUMq.jpg rw 854769 bytes
233 EguIJHVULyvZf.txt rw 785 bytes
63 GRARcGhCfK.txt ro 6183 bytes
225 GOvyNDT.c ro 755869 bytes
242 G.jpg rw 972831 bytes
100 GdLU.c rw 435 bytes
111 GcqueJMYwq.jpg ro 218347 bytes
134 GkeIjqHfDV.jpg ro 51166 bytes
31 HMcIoeFvvmgFEtGHEP.txt rw 96243 bytes
161 HABXXkHD.jpg ro 21189 bytes
178 HGYHzwrivfWXDB.txt ro 1824 bytes
191 HMDhYUg.txt rw 493 bytes
35 IAdTwOmecVcIZ.jpg ro 111786 bytes
50 KivYeuyYgtTnpTX.doc rw 369 bytes
61 KYY.jpg rw 25926 bytes
65 IXLmKMzUY.jpg rw 381677 bytes
83 IYFbjEDJHauuVfeFvK.txt ro 765656 bytes
103 JpnnkA.c ro 65223 bytes
117 JJffWBuBAmuBpUiGxf.c rw 47112 bytes
180 JDjmDzGNnsW.jpg rw 617 bytes
185 JIbKgO.txt rw 6658 bytes
192 JyDkPwcXUFr.doc rw 174547 bytes
62 KmDhrqcnZXKZpAEQ.jpg rw 1385 bytes
76 MacNLqY.c ro 41984 bytes
126 MBWvxD.txt ro 476968 bytes
144 KrStlSqKSiOhIZdQg.doc rw 335247 bytes
174 LQ.jpg ro 6782 bytes
193 LOwazlWR.doc rw 236767 bytes
211 Ky.doc rw 5371 bytes
181 MUmgzeUhtTwLhA.txt rw 78655 bytes
244 MHtM.doc ro 699594 bytes
15 PifFAhNB.jpg rw 593 bytes
43 O.c ro 767794 bytes
86 Mmpe.txt ro 259252 bytes
119 NIvEMDZUyEiMqN.c rw 85524 bytes
120 NrcwUXnVkDv.jpg rw 171 bytes
136 NVIsvfmVGqaLUlLGPfG.txt ro 8758 bytes
196 NRqLJbnSTfFjBxwH.c ro 658 bytes
159 NqmTlNwd.jpg ro 77636 bytes
186 NpDlhZgExIa.txt ro 4532 bytes
55 OqcrbqerDVxsNY.jpg ro 7694 bytes
78 OaiKGBMtyaNAC.c rw 2648 bytes
116 ODCxdNSUdxpvu.c rw 51745 bytes
182 OMXfEkzis.jpg ro 291455 bytes
66 OuwDVBnnMtSjUs.jpg ro 28744 bytes
79 PSwsXSKia.jpg rw 333766 bytes
97 P.doc rw 73791 bytes
222 PAwMRdeiUwfAhj.txt rw 122 bytes
27 QAlNsYeHbJs.doc rw 297448 bytes
70 PtJBLvXdWsBjzbqXMO.jpg rw 779 bytes
112 PopNwTvPmSU.doc rw 311133 bytes
162 Pmx.txt rw 5945 bytes
220 PqLXmX.c ro 3129 bytes
75 SrxUTzShOSTqYaboyJYa.c ro 23785 bytes
205 RzOJULXRbijWoHoemYQC.txt rw 173381 bytes
209 QpxFSWjWrh.jpg rw 753 bytes
235 QHndGJmERkCSxH.doc ro 779796 bytes
223 TOFHVT.doc ro 286 bytes
249 TSvQWBA.txt rw 94867 bytes
7 WnIyugjwfGZzHIZS.jpg rw 653 bytes
38 UxOuLZElPisNNCrl.c rw 68325 bytes
105 UNnGarZhMqeuFyX.jpg rw 156 bytes
106 UnSOeeCvvQadMKbkKM.txt rw 235 bytes
114 UPIzjEQ.jpg rw 6777 bytes
197 UqI.c rw 269235 bytes
71 WYMbiFGpegWLFfXjCS.txt rw 428997 bytes
107 WTevwNNTO.doc rw 9176 bytes
195 WSYAKqQGdlyD.jpg rw 6259 bytes
224 VXBxYDPeuQiFNRlO.txt ro 329659 bytes
230 Vy.doc ro 5495 bytes
8 YNfeiwz.c ro 2196 bytes
51 YEuwtRkKBCwcroVDQRX.doc rw 89544 bytes
176 XZkjoKyGYsznDTYeGaRB.c ro 12952 bytes
16 YiuRKzqrokxA.c rw 988 bytes
19 Yhw.c rw 56168 bytes
45 YfKfoc.doc rw 583 bytes
137 YSaOBToh.doc rw 221931 bytes
184 YcuvVFsiYkUxtfmift.c rw 5335 bytes
90 YqWwzPluVL.doc rw 754396 bytes
1 hUeLNyFCYe.txt rw 262737 bytes
11 ZxXpaoRQGT.doc ro 7799 bytes
68 ZPFpimEaUJ.doc ro 114 bytes
243 Z.jpg rw 57359 bytes
250 ZOOdLUBjcNjFLHc.txt rw 2143 bytes
110 ZbTPJox.txt rw 555834 bytes
14 cuDJPnzkOiiIzhziZ.jpg rw 417 bytes
18 aDqYhfQcwtorzgooYG.txt rw 4722 bytes
56 bXqhQxyesfgOKVQhzoea.doc rw 5644 bytes
89 ahcewRjkWejIWRDrY.c ro 272 bytes
101 bNlOvhJfInGnKzUejF.txt rw 124 bytes
104 aomaQWVFMBxjqduyDh.jpg rw 258 bytes
168 alx.txt rw 214 bytes
140 bFMGgjtDvxDsUEz.doc rw 8587 bytes
132 bOG.doc rw 166 bytes
125 cqOtcppBfq.doc ro 59868 bytes
129 cKynV.txt rw 76629 bytes
135 bYmwrbgopFwfjYaFYi.txt rw 899864 bytes
141 bnwXTBfgkOxd.jpg rw 74486 bytes
148 bjrXwW.c rw 277511 bytes
199 btoBxSqlEECYpp.txt ro 8215 bytes
175 cixZfpk.c rw 439 bytes
23 h.jpg rw 263 bytes
26 dnMDhiIcjL.jpg rw 3584 bytes
33 dF.jpg rw 3766 bytes
206 dXBYuuloTBCCZnC.jpg ro 311673 bytes
251 dhD.jpg rw 463164 bytes
39 fhLdj.jpg ro 863292 bytes
58 ezAPHy.c ro 325868 bytes
145 eOnTNFIuByFJu.txt ro 698326 bytes
172 emhqThFURqeKkJbnhftv.doc ro 125 bytes
208 febOnfkXjZPxLOPW.txt rw 8973 bytes
44 gVjkDSMCOobtTWCreUWG.jpg rw 12663 bytes
64 gSPERwefIroIcxxU.jpg ro 32156 bytes
67 fyXceYOaoE.doc ro 317 bytes
200 fkOmKqFOmFLq.c ro 95969 bytes
73 giVvUHBpfuGFWjC.c rw 59261 bytes
81 gWhwnokXBpNUxOeQ.c rw 171475 bytes
133 gZnn.c ro 3463 bytes
194 gvirRZBtpqK.doc rw 538 bytes
80 h.jpg rw 339385 bytes
2 p.c rw 388 bytes
3 ieDDOyRpgcp.jpg ro 734272 bytes
34 iaExMfLqSl.jpg ro 15399 bytes
52 iUgOCAmFYEHya.txt rw 8364 bytes
189 i.txt rw 813311 bytes
204 iGWXpVcM.c rw 111 bytes
240 iAxYZAuPMwKejELxIjcq.doc ro 972485 bytes
93 iVXGda.doc rw 475 bytes
4 lwVtFSRkeGaozw.c ro 45929 bytes
20 jNcO.jpg ro 415819 bytes
163 j.txt ro 819 bytes
187 inyCLd.doc rw 894 bytes
252 igEzqYHZqQK.jpg ro 8995 bytes
24 kDqoacAsREGiskHCUo.c rw 4272 bytes
41 jWNLfvJgQYvkURPwHWKn.doc ro 2827 bytes
88 jdLUxEPannOINDfJk.jpg rw 1532 bytes
109 jwnkeCFHkUtryYYovbo.doc rw 2934 bytes
177 jpdzcB.txt rw 31415 bytes
198 jrj.c ro 753387 bytes
245 k.c ro 669366 bytes
30 kFRaBVtvGtzLDphqY.c rw 777217 bytes
36 kbnejaVhrNrNLOJU.c rw 6545 bytes
46 kORZfjOqRDlGbCYwi.c rw 932418 bytes
82 kavtTSYJPjPDg.doc ro 9554 bytes
59 l.jpg rw 85423 bytes
99 lZr.c ro 578 bytes
102 lpPooedyv.doc ro 783877 bytes
17 mYxO.jpg ro 398 bytes
32 lxUGfcAKY.txt ro 7777 bytes
124 lxgUVtaAAiuiZ.doc rw 325916 bytes
166 mTUuXibqPYQZIybCXUz.txt ro 529 bytes
25 nMrMwodIz.doc rw 934 bytes
72 myjaAiJxf.jpg ro 337 bytes
92 mhZVouqFi.jpg ro 296 bytes
201 mZyBqMVjjfkqighxsIik.jpg ro 78939 bytes
221 mjDjLlOzrbSX.txt rw 19425 bytes
142 nDvsTTK.doc ro 155613 bytes
147 mznlDxkVTIgoWJRH.doc rw 917 bytes
29 nkT.doc ro 974255 bytes
74 nOCAZLgTvo.doc ro 71947 bytes
87 nbDhnDxFsQRcQKrO.txt rw 2466 bytes
146 naragayM.doc ro 9488 bytes
156 nTukUVZKsYnkxm.jpg ro 31177 bytes
150 nkFfmlCgwOmffUrpnWW.jpg rw 533918 bytes
53 o.c rw 7124 bytes
113 nkXXbpvFVScDwtNbHHL.txt rw 6381 bytes
188 oJefdorwrwm.c ro 34766 bytes
215 otfuabldmZneON.jpg ro 619 bytes
6 rTohGPLhvyyaJrJU.c ro 68432 bytes
12 pAEBk.doc rw 114 bytes
28 pzWb.c ro 24928 bytes
54 ppsUVCiBgsJ.doc rw 1541 bytes
123 pOZB.c rw 89294 bytes
138 pDHLYiBEqFRb.doc ro 4274 bytes
214 pIi.c ro 7174 bytes
253 pIDEItRYyjEsuPe.doc rw 575695 bytes
237 pMxvmawoLKNPbY.doc rw 1858 bytes
241 pUE.c ro 1927 bytes
57 rEIGjaDZIxI.doc ro 799828 bytes
85 qAhXLsGRJiKDDdGARr.doc ro 179562 bytes
202 qHItUasV.jpg ro 213 bytes
239 qBfRWDiAmJhMYI.jpg rw 511 bytes
131 rQ.doc ro 594716 bytes
232 rEVnHVNzDHHWNuvT.jpg rw 46172 bytes
151 rQIxFMdE.txt ro 791114 bytes
179 rTOOqnA.jpg ro 14183 bytes
9 rXATHeTLf.doc ro 14981 bytes
13 tegHwBDtpbqHRBNv.txt ro 164396 bytes
37 tWreEKfN.c ro 457941 bytes
42 slbvwDzzvUJHMHCzVNv.txt rw 674559 bytes
49 sEHawtLiY.jpg rw 235292 bytes
94 rtlpJwn.txt ro 697382 bytes
203 rahDwvyKnoQzmtw.jpg rw 886671 bytes
231 rZmhOZkSrvNhkfahm.c ro 971 bytes
228 rfMEbLsQ.doc rw 5942 bytes
115 sCCrsLGaZ.c ro 146637 bytes
238 ry.doc rw 146451 bytes
48 tNSdFxLhqVyhHgczYNC.jpg rw 76731 bytes
108 tMjpcsWSxYYJB.doc rw 494 bytes
139 sraux.jpg rw 6691 bytes
153 swO.jpg rw 454437 bytes
227 svoiqqleDeqK.c rw 26928 bytes
171 syazemUKhQ.jpg rw 4483 bytes
155 tTkSdzTpF.c ro 2435 bytes
229 tdvkzsuemrvflUDLpq.txt rw 783293 bytes
21 vdSoMhkgJ.txt ro 693 bytes
40 u.c rw 182792 bytes
91 uSynrJORSjjgva.c ro 622 bytes
98 u.jpg ro 691 bytes
118 vWpOt.txt rw 28814 bytes
154 vApojmzTwEebQPeATMe.doc ro 8625 bytes
160 ueebbehJfXJbxaO.doc rw 5171 bytes
167 uzKgLBuzyMM.txt ro 5989 bytes
170 uxf.jpg ro 796 bytes
218 uuaYzkrJMTPEDoYTcjzB.doc ro 678 bytes
247 uvdkWxslWeOAF.jpg rw 81831 bytes
213 vHQgGoFaXUoTlHiYHj.c rw 5215 bytes
217 vGCnQrFmlISmVBvzLAHw.doc ro 229155 bytes
143 vcQAduNmaLhteHHqXX.txt ro 511938 bytes
47 zepAcX.jpg rw 9811 bytes
69 xGZkb.doc rw 943 bytes
77 wjqLTliRslENxLyxDKsW.c ro 858 bytes
84 vulQlAvyxsgknoSgfXTt.jpg ro 575 bytes
127 vgvJpg.c rw 59342 bytes
173 vuBufpKqTSszeT.c rw 66244 bytes
121 x.txt ro 956 bytes
212 wqFhykIzhetVsDQXDYR.c rw 58996 bytes
226 wxwwfpd.doc ro 59664 bytes
122 zbMGJtgELDzkrDVHfMSm.doc ro 286676 bytes
128 xl.doc rw 584 bytes
246 xfvkcFCIAvzlAS.jpg ro 248358 bytes
165 ypKQoQ.doc rw 493742 bytes
234 yBzEjc.txt rw 922792 bytes
236 yegCqQCvTKtx.txt rw 91622 bytes
219 zR.jpg ro 585952 bytes
169 zqoZTg.txt ro 338 bytes
210 zuctCo.txt rw 52533 bytes
EDP:
164 ACMaLYDHoLEmEDyP.doc rw 739 bytes
190 AplVlkBRJoUFtLPLIFn.c rw 13721 bytes
183 COoUPgDnHuDzNNuPQo.doc rw 8619 bytes
158 CJCLGrLhqUkedeNs.c ro 738441 bytes
207 Cd.jpg ro 61683 bytes
152 CP.txt rw 898 bytes
248 CmVUMq.jpg rw 854769 bytes
233 EguIJHVULyvZf.txt rw 785 bytes
216 DyFWKhx.jpg rw 6281 bytes
157 CghpjmKSlrdh.jpg ro 4728 bytes
149 EnJfnjXDPzMOhbqxRsf.txt rw 12312 bytes
130 CfPGvLziE.jpg ro 454544 bytes
96 EqCzCOx.jpg ro 7889 bytes
95 AnbJOXRdXL.txt rw 689 bytes
242 G.jpg rw 972831 bytes
225 GOvyNDT.c ro 755869 bytes
111 GcqueJMYwq.jpg ro 218347 bytes
134 GkeIjqHfDV.jpg ro 51166 bytes
100 GdLU.c rw 435 bytes
63 GRARcGhCfK.txt ro 6183 bytes
60 FgpbvnDRX.doc ro 458623 bytes
191 HMDhYUg.txt rw 493 bytes
178 HGYHzwrivfWXDB.txt ro 1824 bytes
161 HABXXkHD.jpg ro 21189 bytes
185 JIbKgO.txt rw 6658 bytes
180 JDjmDzGNnsW.jpg rw 617 bytes
117 JJffWBuBAmuBpUiGxf.c rw 47112 bytes
192 JyDkPwcXUFr.doc rw 174547 bytes
103 JpnnkA.c ro 65223 bytes
83 IYFbjEDJHauuVfeFvK.txt ro 765656 bytes
65 IXLmKMzUY.jpg rw 381677 bytes
61 KYY.jpg rw 25926 bytes
211 Ky.doc rw 5371 bytes
193 LOwazlWR.doc rw 236767 bytes
174 LQ.jpg ro 6782 bytes
144 KrStlSqKSiOhIZdQg.doc rw 335247 bytes
244 MHtM.doc ro 699594 bytes
181 MUmgzeUhtTwLhA.txt rw 78655 bytes
126 MBWvxD.txt ro 476968 bytes
76 MacNLqY.c ro 41984 bytes
62 KmDhrqcnZXKZpAEQ.jpg rw 1385 bytes
50 KivYeuyYgtTnpTX.doc rw 369 bytes
35 IAdTwOmecVcIZ.jpg ro 111786 bytes
31 HMcIoeFvvmgFEtGHEP.txt rw 96243 bytes
22 GzmJPvQo.doc ro 254 bytes
196 NRqLJbnSTfFjBxwH.c ro 658 bytes
186 NpDlhZgExIa.txt ro 4532 bytes
159 NqmTlNwd.jpg ro 77636 bytes
136 NVIsvfmVGqaLUlLGPfG.txt ro 8758 bytes
120 NrcwUXnVkDv.jpg rw 171 bytes
119 NIvEMDZUyEiMqN.c rw 85524 bytes
86 Mmpe.txt ro 259252 bytes
182 OMXfEkzis.jpg ro 291455 bytes
116 ODCxdNSUdxpvu.c rw 51745 bytes
78 OaiKGBMtyaNAC.c rw 2648 bytes
222 PAwMRdeiUwfAhj.txt rw 122 bytes
97 P.doc rw 73791 bytes
79 PSwsXSKia.jpg rw 333766 bytes
66 OuwDVBnnMtSjUs.jpg ro 28744 bytes
55 OqcrbqerDVxsNY.jpg ro 7694 bytes
43 O.c ro 767794 bytes
162 Pmx.txt rw 5945 bytes
220 PqLXmX.c ro 3129 bytes
112 PopNwTvPmSU.doc rw 311133 bytes
70 PtJBLvXdWsBjzbqXMO.jpg rw 779 bytes
235 QHndGJmERkCSxH.doc ro 779796 bytes
209 QpxFSWjWrh.jpg rw 753 bytes
205 RzOJULXRbijWoHoemYQC.txt rw 173381 bytes
249 TSvQWBA.txt rw 94867 bytes
223 TOFHVT.doc ro 286 bytes
75 SrxUTzShOSTqYaboyJYa.c ro 23785 bytes
27 QAlNsYeHbJs.doc rw 297448 bytes
15 PifFAhNB.jpg rw 593 bytes
10 MkUGYXngfbZOSGf.c rw 131 bytes
114 UPIzjEQ.jpg rw 6777 bytes
197 UqI.c rw 269235 bytes
106 UnSOeeCvvQadMKbkKM.txt rw 235 bytes
105 UNnGarZhMqeuFyX.jpg rw 156 bytes
230 Vy.doc ro 5495 bytes
224 VXBxYDPeuQiFNRlO.txt ro 329659 bytes
195 WSYAKqQGdlyD.jpg rw 6259 bytes
107 WTevwNNTO.doc rw 9176 bytes
71 WYMbiFGpegWLFfXjCS.txt rw 428997 bytes
38 UxOuLZElPisNNCrl.c rw 68325 bytes
176 XZkjoKyGYsznDTYeGaRB.c ro 12952 bytes
51 YEuwtRkKBCwcroVDQRX.doc rw 89544 bytes
184 YcuvVFsiYkUxtfmift.c rw 5335 bytes
137 YSaOBToh.doc rw 221931 bytes
45 YfKfoc.doc rw 583 bytes
19 Yhw.c rw 56168 bytes
90 YqWwzPluVL.doc rw 754396 bytes
16 YiuRKzqrokxA.c rw 988 bytes
8 YNfeiwz.c ro 2196 bytes
7 WnIyugjwfGZzHIZS.jpg rw 653 bytes
5 TkZWYIFYZhBTO.c rw 84782 bytes
250 ZOOdLUBjcNjFLHc.txt rw 2143 bytes
243 Z.jpg rw 57359 bytes
110 ZbTPJox.txt rw 555834 bytes
68 ZPFpimEaUJ.doc ro 114 bytes
168 alx.txt rw 214 bytes
140 bFMGgjtDvxDsUEz.doc rw 8587 bytes
104 aomaQWVFMBxjqduyDh.jpg rw 258 bytes
132 bOG.doc rw 166 bytes
101 bNlOvhJfInGnKzUejF.txt rw 124 bytes
89 ahcewRjkWejIWRDrY.c ro 272 bytes
148 bjrXwW.c rw 277511 bytes
199 btoBxSqlEECYpp.txt ro 8215 bytes
141 bnwXTBfgkOxd.jpg rw 74486 bytes
135 bYmwrbgopFwfjYaFYi.txt rw 899864 bytes
175 cixZfpk.c rw 439 bytes
129 cKynV.txt rw 76629 bytes
125 cqOtcppBfq.doc ro 59868 bytes
56 bXqhQxyesfgOKVQhzoea.doc rw 5644 bytes
18 aDqYhfQcwtorzgooYG.txt rw 4722 bytes
251 dhD.jpg rw 463164 bytes
206 dXBYuuloTBCCZnC.jpg ro 311673 bytes
33 dF.jpg rw 3766 bytes
172 emhqThFURqeKkJbnhftv.doc ro 125 bytes
145 eOnTNFIuByFJu.txt ro 698326 bytes
208 febOnfkXjZPxLOPW.txt rw 8973 bytes
58 ezAPHy.c ro 325868 bytes
200 fkOmKqFOmFLq.c ro 95969 bytes
67 fyXceYOaoE.doc ro 317 bytes
64 gSPERwefIroIcxxU.jpg ro 32156 bytes
133 gZnn.c ro 3463 bytes
81 gWhwnokXBpNUxOeQ.c rw 171475 bytes
194 gvirRZBtpqK.doc rw 538 bytes
73 giVvUHBpfuGFWjC.c rw 59261 bytes
44 gVjkDSMCOobtTWCreUWG.jpg rw 12663 bytes
39 fhLdj.jpg ro 863292 bytes
26 dnMDhiIcjL.jpg rw 3584 bytes
80 h.jpg rw 339385 bytes
23 h.jpg rw 263 bytes
14 cuDJPnzkOiiIzhziZ.jpg rw 417 bytes
11 ZxXpaoRQGT.doc ro 7799 bytes
240 iAxYZAuPMwKejELxIjcq.doc ro 972485 bytes
204 iGWXpVcM.c rw 111 bytes
189 i.txt rw 813311 bytes
93 iVXGda.doc rw 475 bytes
52 iUgOCAmFYEHya.txt rw 8364 bytes
34 iaExMfLqSl.jpg ro 15399 bytes
252 igEzqYHZqQK.jpg ro 8995 bytes
187 inyCLd.doc rw 894 bytes
163 j.txt ro 819 bytes
198 jrj.c ro 753387 bytes
177 jpdzcB.txt rw 31415 bytes
245 k.c ro 669366 bytes
109 jwnkeCFHkUtryYYovbo.doc rw 2934 bytes
88 jdLUxEPannOINDfJk.jpg rw 1532 bytes
41 jWNLfvJgQYvkURPwHWKn.doc ro 2827 bytes
82 kavtTSYJPjPDg.doc ro 9554 bytes
46 kORZfjOqRDlGbCYwi.c rw 932418 bytes
102 lpPooedyv.doc ro 783877 bytes
99 lZr.c ro 578 bytes
59 l.jpg rw 85423 bytes
36 kbnejaVhrNrNLOJU.c rw 6545 bytes
30 kFRaBVtvGtzLDphqY.c rw 777217 bytes
24 kDqoacAsREGiskHCUo.c rw 4272 bytes
20 jNcO.jpg ro 415819 bytes
166 mTUuXibqPYQZIybCXUz.txt ro 529 bytes
124 lxgUVtaAAiuiZ.doc rw 325916 bytes
32 lxUGfcAKY.txt ro 7777 bytes
201 mZyBqMVjjfkqighxsIik.jpg ro 78939 bytes
221 mjDjLlOzrbSX.txt rw 19425 bytes
92 mhZVouqFi.jpg ro 296 bytes
147 mznlDxkVTIgoWJRH.doc rw 917 bytes
142 nDvsTTK.doc ro 155613 bytes
72 myjaAiJxf.jpg ro 337 bytes
156 nTukUVZKsYnkxm.jpg ro 31177 bytes
146 naragayM.doc ro 9488 bytes
150 nkFfmlCgwOmffUrpnWW.jpg rw 533918 bytes
87 nbDhnDxFsQRcQKrO.txt rw 2466 bytes
74 nOCAZLgTvo.doc ro 71947 bytes
113 nkXXbpvFVScDwtNbHHL.txt rw 6381 bytes
215 otfuabldmZneON.jpg ro 619 bytes
188 oJefdorwrwm.c ro 34766 bytes
53 o.c rw 7124 bytes
29 nkT.doc ro 974255 bytes
25 nMrMwodIz.doc rw 934 bytes
17 mYxO.jpg ro 398 bytes
4 lwVtFSRkeGaozw.c ro 45929 bytes
3 ieDDOyRpgcp.jpg ro 734272 bytes
253 pIDEItRYyjEsuPe.doc rw 575695 bytes
237 pMxvmawoLKNPbY.doc rw 1858 bytes
214 pIi.c ro 7174 bytes
138 pDHLYiBEqFRb.doc ro 4274 bytes
241 pUE.c ro 1927 bytes
123 pOZB.c rw 89294 bytes
54 ppsUVCiBgsJ.doc rw 1541 bytes
239 qBfRWDiAmJhMYI.jpg rw 511 bytes
202 qHItUasV.jpg ro 213 bytes
85 qAhXLsGRJiKDDdGARr.doc ro 179562 bytes
232 rEVnHVNzDHHWNuvT.jpg rw 46172 bytes
179 rTOOqnA.jpg ro 14183 bytes
151 rQIxFMdE.txt ro 791114 bytes
131 rQ.doc ro 594716 bytes
57 rEIGjaDZIxI.doc ro 799828 bytes
28 pzWb.c ro 24928 bytes
12 pAEBk.doc rw 114 bytes
231 rZmhOZkSrvNhkfahm.c ro 971 bytes
228 rfMEbLsQ.doc rw 5942 bytes
203 rahDwvyKnoQzmtw.jpg rw 886671 bytes
238 ry.doc rw 146451 bytes
115 sCCrsLGaZ.c ro 146637 bytes
94 rtlpJwn.txt ro 697382 bytes
49 sEHawtLiY.jpg rw 235292 bytes
227 svoiqqleDeqK.c rw 26928 bytes
171 syazemUKhQ.jpg rw 4483 bytes
153 swO.jpg rw 454437 bytes
139 sraux.jpg rw 6691 bytes
108 tMjpcsWSxYYJB.doc rw 494 bytes
155 tTkSdzTpF.c ro 2435 bytes
48 tNSdFxLhqVyhHgczYNC.jpg rw 76731 bytes
42 slbvwDzzvUJHMHCzVNv.txt rw 674559 bytes
229 tdvkzsuemrvflUDLpq.txt rw 783293 bytes
37 tWreEKfN.c ro 457941 bytes
98 u.jpg ro 691 bytes
247 uvdkWxslWeOAF.jpg rw 81831 bytes
218 uuaYzkrJMTPEDoYTcjzB.doc ro 678 bytes
170 uxf.jpg ro 796 bytes
167 uzKgLBuzyMM.txt ro 5989 bytes
160 ueebbehJfXJbxaO.doc rw 5171 bytes
217 vGCnQrFmlISmVBvzLAHw.doc ro 229155 bytes
213 vHQgGoFaXUoTlHiYHj.c rw 5215 bytes
154 vApojmzTwEebQPeATMe.doc ro 8625 bytes
143 vcQAduNmaLhteHHqXX.txt ro 511938 bytes
118 vWpOt.txt rw 28814 bytes
91 uSynrJORSjjgva.c ro 622 bytes
40 u.c rw 182792 bytes
173 vuBufpKqTSszeT.c rw 66244 bytes
127 vgvJpg.c rw 59342 bytes
84 vulQlAvyxsgknoSgfXTt.jpg ro 575 bytes
226 wxwwfpd.doc ro 59664 bytes
212 wqFhykIzhetVsDQXDYR.c rw 58996 bytes
121 x.txt ro 956 bytes
77 wjqLTliRslENxLyxDKsW.c ro 858 bytes
246 xfvkcFCIAvzlAS.jpg ro 248358 bytes
236 yegCqQCvTKtx.txt rw 91622 bytes
234 yBzEjc.txt rw 922792 bytes
219 zR.jpg ro 585952 bytes
165 ypKQoQ.doc rw 493742 bytes
128 xl.doc rw 584 bytes
122 zbMGJtgELDzkrDVHfMSm.doc ro 286676 bytes
69 xGZkb.doc rw 943 bytes
210 zuctCo.txt rw 52533 bytes
169 zqoZTg.txt ro 338 bytes
47 zepAcX.jpg rw 9811 bytes
21 vdSoMhkgJ.txt ro 693 bytes
13 tegHwBDtpbqHRBNv.txt ro 164396 bytes
9 rXATHeTLf.doc ro 14981 bytes
6 rTohGPLhvyyaJrJU.c ro 68432 bytes
2 p.c rw 388 bytes
1 hUeLNyFCYe.txt rw 262737 bytes
0 YuRMCVhPzaNscFXd.txt rw 18411 bytes
